<?xml version="1.0" encoding="UTF-8"?>
<!-- Generated by org.testng.reporters.JUnitXMLReporter -->
<testsuite ignored="3" hostname="RaviWindows" failures="0" tests="1" name="Test" time="0.08" errors="0" timestamp="2021-12-03T21:00:09 IST">
  <testcase classname="com.testng.Priority" name="c" time="0.013"/>
  <testcase classname="com.testng.Priority" name="b" time="0.0">
    <ignored/>
  </testcase> <!-- b -->
  <testcase classname="com.testng.Priority" name="d" time="0.0">
    <ignored/>
  </testcase> <!-- d -->
  <testcase classname="com.testng.Priority" name="s" time="0.0">
    <ignored/>
  </testcase> <!-- s -->
</testsuite> <!-- Test -->
