<?xml version="1.0" encoding="UTF-8"?>
<testng-results ignored="3" total="4" passed="1" failed="0" skipped="0">
  <reporter-output>
  </reporter-output>
  <suite started-at="2021-12-03T21:00:09 IST" name="Suite" finished-at="2021-12-03T21:00:09 IST" duration-ms="80">
    <groups>
      <group name="smoke">
        <method signature="Priority.c()[pri:0, instance:com.testng.Priority@1fb700ee]" name="c" class="com.testng.Priority"/>
      </group> <!-- smoke -->
    </groups>
    <test started-at="2021-12-03T21:00:09 IST" name="Test" finished-at="2021-12-03T21:00:09 IST" duration-ms="80">
      <class name="com.testng.Priority">
        <test-method signature="c()[pri:0, instance:com.testng.Priority@1fb700ee]" started-at="2021-12-03T21:00:09 IST" name="c" finished-at="2021-12-03T21:00:09 IST" duration-ms="13" status="PASS">
          <reporter-output>
          </reporter-output>
        </test-method> <!-- c -->
      </class> <!-- com.testng.Priority -->
    </test> <!-- Test -->
  </suite> <!-- Suite -->
</testng-results>
