<?xml version="1.0" encoding="UTF-8"?>
<!-- Generated by org.testng.reporters.JUnitXMLReporter -->
<testsuite ignored="0" hostname="RaviWindows" failures="0" tests="4" name="Default test" time="0.076" errors="0" timestamp="2021-12-03T20:54:08 IST">
  <testcase classname="com.testng.Priority" name="c" time="0.012"/>
  <testcase classname="com.testng.Priority" name="s" time="0.001"/>
  <testcase classname="com.testng.Priority" name="b" time="0.002"/>
  <testcase classname="com.testng.Priority" name="d" time="0.001"/>
</testsuite> <!-- Default test -->
